RUN	computerdatabase.sbl.WhatInSession	whatinsession	1704128743365	 	3.10.3
USER	WebSocket	START	1704128743438
USER	WebSocket2	START	1704128743438
USER	WebSocket	START	1704128743438
USER	WebSocket	START	1704128743438
USER	WebSocket	START	1704128743438
USER	WebSocket2	START	1704128743438
USER	WebSocket2	START	1704128743438
USER	WebSocket	START	1704128743438
USER	WebSocket	START	1704128743438
USER	WebSocket2	START	1704128743438
USER	WebSocket	START	1704128743438
USER	WebSocket2	END	1704128743438
USER	WebSocket	START	1704128743438
USER	WebSocket2	START	1704128743438
USER	WebSocket	START	1704128743438
USER	WebSocket2	START	1704128743438
USER	WebSocket2	START	1704128743438
USER	WebSocket2	START	1704128743438
USER	WebSocket	START	1704128743438
USER	WebSocket2	START	1704128743438
USER	WebSocket2	START	1704128743438
USER	WebSocket2	END	1704128743440
USER	WebSocket2	END	1704128743440
USER	WebSocket2	END	1704128743440
USER	WebSocket	END	1704128743440
USER	WebSocket	END	1704128743440
USER	WebSocket	END	1704128743440
USER	WebSocket	END	1704128743440
USER	WebSocket	END	1704128743440
USER	WebSocket2	END	1704128743440
USER	WebSocket2	END	1704128743440
USER	WebSocket	END	1704128743440
USER	WebSocket2	END	1704128743440
USER	WebSocket2	END	1704128743440
USER	WebSocket2	END	1704128743440
USER	WebSocket	END	1704128743440
USER	WebSocket2	END	1704128743440
USER	WebSocket	END	1704128743441
USER	WebSocket	END	1704128743441
USER	WebSocket	END	1704128743441
