RUN	computerdatabase.sbl.WhatInSession	whatinsession	1704129195714	 	3.10.3
USER	sender	START	1704129195790
USER	sender	START	1704129195790
USER	sender	START	1704129195790
USER	sender	START	1704129195790
USER	sender	START	1704129195790
USER	sender	START	1704129195790
USER	sender	START	1704129195790
USER	sender	START	1704129195790
USER	sender	END	1704129195790
USER	sender	START	1704129195790
USER	sender	START	1704129195790
USER	sender	END	1704129195793
USER	sender	END	1704129195793
USER	sender	END	1704129195793
USER	sender	END	1704129195793
USER	sender	END	1704129195793
USER	sender	END	1704129195793
USER	sender	END	1704129195793
USER	sender	END	1704129195793
USER	sender	END	1704129195793
USER	listeners	START	1704129195821
USER	listeners	START	1704129195821
USER	listeners	START	1704129195821
USER	listeners	START	1704129195821
USER	listeners	START	1704129195821
USER	listeners	START	1704129195821
USER	listeners	START	1704129195821
USER	listeners	START	1704129195821
USER	listeners	START	1704129195821
USER	listeners	START	1704129195821
USER	listeners	END	1704129195821
USER	listeners	END	1704129195821
USER	listeners	END	1704129195821
USER	listeners	END	1704129195821
USER	listeners	END	1704129195821
USER	listeners	END	1704129195821
USER	listeners	END	1704129195821
USER	listeners	END	1704129195821
USER	listeners	END	1704129195821
USER	listeners	END	1704129195821
