RUN	computerdatabase.sbl.receive_message.ReceiveMessage_10000	receivemessage-10000	1704124219049	 	3.10.3
USER	WebSocket	START	1704124220319
REQUEST		Connect WS	1704124220310	1704124221208	OK	 
REQUEST		asdf	1704124221215	1704124221215	OK	 
REQUEST		message	1704124221215	1704124221993	OK	 
USER	WebSocket	END	1704124222001
USER	WebSocket	START	1704124222301
REQUEST		Connect WS	1704124222299	1704124222309	OK	 
REQUEST		asdf	1704124222309	1704124222309	OK	 
REQUEST		message	1704124222309	1704124222320	OK	 
USER	WebSocket	END	1704124222321
USER	WebSocket	START	1704124224298
REQUEST		Connect WS	1704124224297	1704124224305	OK	 
REQUEST		asdf	1704124224305	1704124224305	OK	 
REQUEST		message	1704124224305	1704124224311	OK	 
USER	WebSocket	END	1704124224311
USER	WebSocket	START	1704124226296
REQUEST		Connect WS	1704124226295	1704124226304	OK	 
REQUEST		asdf	1704124226304	1704124226304	OK	 
REQUEST		message	1704124226304	1704124226310	OK	 
USER	WebSocket	END	1704124226311
USER	WebSocket	START	1704124228292
REQUEST		Connect WS	1704124228291	1704124228298	OK	 
REQUEST		asdf	1704124228298	1704124228298	OK	 
REQUEST		message	1704124228298	1704124228304	OK	 
USER	WebSocket	END	1704124228304
USER	WebSocket	START	1704124230286
REQUEST		Connect WS	1704124230285	1704124230292	OK	 
REQUEST		asdf	1704124230293	1704124230293	OK	 
REQUEST		message	1704124230293	1704124230299	OK	 
USER	WebSocket	END	1704124230299
USER	WebSocket	START	1704124232303
REQUEST		Connect WS	1704124232302	1704124232308	OK	 
REQUEST		asdf	1704124232309	1704124232309	OK	 
REQUEST		message	1704124232309	1704124232314	OK	 
USER	WebSocket	END	1704124232314
USER	WebSocket	START	1704124234292
REQUEST		Connect WS	1704124234291	1704124234298	OK	 
REQUEST		asdf	1704124234299	1704124234299	OK	 
REQUEST		message	1704124234299	1704124234304	OK	 
USER	WebSocket	END	1704124234304
USER	WebSocket	START	1704124236292
REQUEST		Connect WS	1704124236291	1704124236299	OK	 
REQUEST		asdf	1704124236299	1704124236299	OK	 
REQUEST		message	1704124236299	1704124236304	OK	 
USER	WebSocket	END	1704124236305
USER	WebSocket	START	1704124238300
REQUEST		Connect WS	1704124238299	1704124238305	OK	 
REQUEST		asdf	1704124238305	1704124238305	OK	 
REQUEST		message	1704124238305	1704124238310	OK	 
USER	WebSocket	END	1704124238310
